2025-02-03 19:09:44,026 INFO: Tour Company Backend startup [in /home/nelly/tour company/backend/app.py:150]
2025-02-03 19:09:48,529 INFO: Received Booking Data: {'user_id': '3cf5c96e-2b20-46b1-8037-710f3532b120', 'tour_id': '7', 'safari_start_date': '2025-02-17', 'safari_end_date': '2025-02-21', 'number_of_participants': 2, 'special_requests': 'Vegetarian meals'} [in /home/nelly/tour company/backend/app.py:68]
2025-02-03 19:09:48,568 ERROR: Server Error: (sqlite3.OperationalError) no such column: bookings.tour_type_id
[SQL: SELECT bookings.id AS bookings_id, bookings.user_id AS bookings_user_id, bookings.tour_id AS bookings_tour_id, bookings.tour_type_id AS bookings_tour_type_id, bookings.safari_start_date AS bookings_safari_start_date, bookings.safari_end_date AS bookings_safari_end_date, bookings.number_of_participants AS bookings_number_of_participants, bookings.special_requests AS bookings_special_requests, bookings.total_price AS bookings_total_price, bookings.status AS bookings_status, bookings.created_at AS bookings_created_at 
FROM bookings 
WHERE bookings.user_id = ? AND bookings.tour_id = ?
 LIMIT ? OFFSET ?]
[parameters: ('3cf5c96e-2b20-46b1-8037-710f3532b120', '7', 1, 0)]
(Background on this error at: https://sqlalche.me/e/20/e3q8) [in /home/nelly/tour company/backend/app.py:126]
2025-02-03 19:10:10,295 INFO: Tour Company Backend startup [in /home/nelly/tour company/backend/app.py:150]
2025-02-03 19:10:10,913 INFO: Tour Company Backend startup [in /home/nelly/tour company/backend/app.py:150]
2025-02-03 19:10:15,560 INFO: Tour Company Backend startup [in /home/nelly/tour company/backend/app.py:150]
2025-02-03 19:10:19,588 INFO: Received Booking Data: {'user_id': '3cf5c96e-2b20-46b1-8037-710f3532b120', 'tour_id': '7', 'safari_start_date': '2025-02-17', 'safari_end_date': '2025-02-21', 'number_of_participants': 2, 'special_requests': 'Vegetarian meals'} [in /home/nelly/tour company/backend/app.py:68]
2025-02-03 19:10:19,628 ERROR: Server Error: (sqlite3.OperationalError) no such column: bookings.tour_type_id
[SQL: SELECT bookings.id AS bookings_id, bookings.user_id AS bookings_user_id, bookings.tour_id AS bookings_tour_id, bookings.tour_type_id AS bookings_tour_type_id, bookings.safari_start_date AS bookings_safari_start_date, bookings.safari_end_date AS bookings_safari_end_date, bookings.number_of_participants AS bookings_number_of_participants, bookings.special_requests AS bookings_special_requests, bookings.total_price AS bookings_total_price, bookings.status AS bookings_status, bookings.created_at AS bookings_created_at 
FROM bookings 
WHERE bookings.user_id = ? AND bookings.tour_id = ?
 LIMIT ? OFFSET ?]
[parameters: ('3cf5c96e-2b20-46b1-8037-710f3532b120', '7', 1, 0)]
(Background on this error at: https://sqlalche.me/e/20/e3q8) [in /home/nelly/tour company/backend/app.py:126]
2025-02-03 20:39:46,743 INFO: Tour Company Backend startup [in app.py:150]
2025-02-03 20:39:47,319 INFO: Tour Company Backend startup [in /home/nelly/tour company/backend/app.py:150]
2025-02-03 20:43:45,987 INFO: Tour Company Backend startup [in /home/nelly/tour company/backend/app.py:133]
2025-02-03 20:45:09,649 INFO: Tour Company Backend startup [in /home/nelly/tour company/backend/app.py:133]
2025-02-03 20:46:39,108 INFO: Tour Company Backend startup [in /home/nelly/tour company/backend/app.py:133]
2025-02-03 20:47:00,798 INFO: Tour Company Backend startup [in /home/nelly/tour company/backend/app.py:136]
2025-02-03 20:48:29,280 INFO: Tour Company Backend startup [in /home/nelly/tour company/backend/app.py:136]
2025-02-03 20:48:36,742 INFO: Tour Company Backend startup [in /home/nelly/tour company/backend/app.py:136]
2025-02-03 20:48:42,866 INFO: Tour Company Backend startup [in app.py:136]
2025-02-03 20:48:43,735 INFO: Tour Company Backend startup [in /home/nelly/tour company/backend/app.py:136]
2025-02-03 20:50:49,749 INFO: Tour Company Backend startup [in /home/nelly/tour company/backend/app.py:136]
2025-02-03 20:52:20,896 INFO: Tour Company Backend startup [in /home/nelly/tour company/backend/app.py:136]
2025-02-03 20:52:29,818 INFO: Tour Company Backend startup [in /home/nelly/tour company/backend/app.py:136]
